<?xml version="1.0" encoding="UTF-8"?>
<beans xmlns="http://www.springframework.org/schema/beans"
       xmlns:xsi="http://www.w3.org/2001/XMLSchema-instance"
       xsi:schemaLocation="http://www.springframework.org/schema/beans http://www.springframework.org/schema/beans/spring-beans.xsd">

    <bean id="dataSource"
          class="org.springframework.jdbc.datasource.SimpleDriverDataSource">
        <property name="driverClass" value="com.mysql.cj.jdbc.Driver" />
        <property name="url" value="jdbc:mysql://localhost/toby-testdb" />
        <property name="username" value="root" />
        <property name="password" value="" />
    </bean>

    <bean id="userService" class="com.tobybook.ch05.UserService">
        <constructor-arg ref="userDAO" />
    </bean>

    <bean id="userDAO" class="com.tobybook.ch01.UserDaoJdbc">
        <constructor-arg ref="dataSource" />
    </bean>
</beans>