<?xml version="1.0" encoding="UTF-8"?>
<beans xmlns="http://www.springframework.org/schema/beans"
       xmlns:xsi="http://www.w3.org/2001/XMLSchema-instance"
       xmlns:aop="http://www.springframework.org/schema/aop"
       xmlns:tx="http://www.springframework.org/schema/tx"
       xsi:schemaLocation="http://www.springframework.org/schema/beans
        http://www.springframework.org/schema/beans/spring-beans.xsd
        http://www.springframework.org/schema/aop
        http://www.springframework.org/schema/aop/spring-aop-3.0.xsd
        http://www.springframework.org/schema/tx
        http://www.springframework.org/schema/tx/spring-tx-2.5.xsd">

    <bean id="dataSource"
          class="org.springframework.jdbc.datasource.SimpleDriverDataSource">
        <property name="driverClass" value="com.mysql.cj.jdbc.Driver" />
        <property name="url" value="jdbc:mysql://localhost/toby-testdb" />
        <property name="username" value="root" />
        <property name="password" value="" />
    </bean>

    <bean id="userService" class="com.tobybook.ch05.UserServiceImpl">
        <constructor-arg ref="userDAO"/>
        <constructor-arg ref="mailSender" />
    </bean>

    <bean id="userDAO" class="com.tobybook.ch01.UserDaoJdbc">
        <constructor-arg ref="dataSource" />
    </bean>

    <bean id="transactionManager" class="org.springframework.jdbc.datasource.DataSourceTransactionManager">
        <property name="dataSource" ref="dataSource" />
    </bean>

    <bean id="mailSender" class="com.tobybook.ch05.DummyMailSender" />

    <bean id="message" class="com.tobybook.ch06.MessageFactoryBean">
        <constructor-arg value="Factory Bean" />
    </bean>

<!--    <bean id="transactionAdvice" class="com.tobybook.ch06.TransactionAdvice">-->
<!--        <constructor-arg ref="transactionManager"/>-->
<!--    </bean>-->

<!--    <bean id="transactionPointcut" class="com.tobybook.ch06.NameMatchClassMethodPointcut">-->
<!--        <property name="mappedClassName" value="*ServiceImpl" />-->
<!--        <property name="mappedName" value="upgrade*"/>-->
<!--    </bean>-->

<!--    <bean id="transactionAdvisor" class="org.springframework.aop.support.DefaultPointcutAdvisor">-->
<!--        <property name="advice" ref="transactionAdvice"/>-->
<!--        <property name="pointcut" ref="transactionPointcut"/>-->
<!--    </bean>-->

    <bean id="testUserService"
          class="com.tobybook.ch05.UserServiceTest$Companion$TestUserServiceImpl" parent="userService" />

    <bean class="org.springframework.aop.framework.autoproxy.DefaultAdvisorAutoProxyCreator" />

    <aop:config>
        <aop:advisor advice-ref="transactionAdvice" pointcut="bean(*Service)" />
    </aop:config>

<!--    <bean id="transactionAdvice"-->
<!--          class="org.springframework.transaction.interceptor.TransactionInterceptor">-->
<!--        <property name="transactionManager" ref="transactionManager" />-->
<!--        <property name="transactionAttributes">-->
<!--            <props>-->
<!--                <prop key="get*">PROPAGATION_REQUIRED,readonly,timeout_30</prop>-->
<!--                <prop key="upgrade*">PROPAGATION_REQUIRES_NEW,ISOLATION_SERIALIZABLE</prop>-->
<!--                <prop key="*">PROPAGATION_REQUIRED</prop>-->
<!--            </props>-->
<!--        </property>-->
<!--    </bean>-->

    <tx:advice id="transactionAdvice">
        <tx:attributes>
            <tx:method name="get*" propagation="REQUIRED" read-only="true" timeout="30" />
<!--            <tx:method name="upgrade*" propagation="REQUIRES_NEW"-->
<!--                       isolation="SERIALIZABLE" />-->
            <tx:method name="*" propagation="REQUIRED" />
        </tx:attributes>
    </tx:advice>
</beans>